INFO: 2025/07/09 18:48:58 logger.go:42: Команда: Бот успешно запущен. Ожидание команд..., UserID: 0
INFO: 2025/07/09 18:49:43 logger.go:38: Кнопка: savings_stats, UserID: 970147668
INFO: 2025/07/09 18:49:45 logger.go:38: Кнопка: show_savings, UserID: 970147668
INFO: 2025/07/09 18:49:47 logger.go:38: Кнопка: add_to_saving, UserID: 970147668
INFO: 2025/07/09 18:49:48 logger.go:38: Кнопка: add_to_saving_7, UserID: 970147668
INFO: 2025/07/09 18:49:52 logger.go:42: Команда: Получено сообщение: 1000, UserID: 970147668
INFO: 2025/07/09 18:49:52 logger.go:42: Команда: Текст сообщения: 1000, UserID: 970147668
INFO: 2025/07/09 18:49:54 logger.go:42: Команда: Получено сообщение: 📊 Статистика, UserID: 970147668
INFO: 2025/07/09 18:49:54 logger.go:42: Команда: Кнопка: Статистика, UserID: 970147668
INFO: 2025/07/09 18:49:58 logger.go:42: Команда: Получено сообщение: 💵 Накопления, UserID: 970147668
INFO: 2025/07/09 18:49:58 logger.go:42: Команда: Кнопка: Накопления, UserID: 970147668
INFO: 2025/07/09 18:50:01 logger.go:38: Кнопка: add_to_saving, UserID: 970147668
INFO: 2025/07/09 18:50:02 logger.go:38: Кнопка: cancel, UserID: 970147668
INFO: 2025/07/09 18:50:04 logger.go:38: Кнопка: savings_stats, UserID: 970147668
INFO: 2025/07/09 18:50:06 logger.go:38: Кнопка: create_saving, UserID: 970147668
INFO: 2025/07/10 12:25:00 logger.go:42: Команда: Бот успешно запущен. Ожидание команд..., UserID: 0
INFO: 2025/07/10 12:25:12 logger.go:42: Команда: Получено сообщение: 📊 Статистика, UserID: 970147668
INFO: 2025/07/10 12:25:12 logger.go:42: Команда: Кнопка: Статистика, UserID: 970147668
INFO: 2025/07/10 12:25:14 logger.go:42: Команда: Получено сообщение: ➕ Добавить операцию, UserID: 970147668
INFO: 2025/07/10 12:25:14 logger.go:42: Команда: Кнопка: Добавить операцию, UserID: 970147668
INFO: 2025/07/10 12:25:20 logger.go:42: Команда: Получено сообщение: /start, UserID: 970147668
INFO: 2025/07/10 12:25:20 logger.go:42: Команда: Команда /start, UserID: 970147668
INFO: 2025/07/10 12:26:43 logger.go:42: Команда: Получен сигнал завершения. Остановка бота..., UserID: 0
INFO: 2025/07/10 14:58:43 logger.go:42: Команда: Бот успешно запущен. Ожидание команд..., UserID: 0
INFO: 2025/07/10 14:59:13 logger.go:42: Команда: Получено сообщение: 📊 Статистика, UserID: 970147668
INFO: 2025/07/10 14:59:13 logger.go:42: Команда: Кнопка: Статистика, UserID: 970147668
INFO: 2025/07/10 14:59:14 logger.go:42: Команда: Получено сообщение: ⚙️ Настройки, UserID: 970147668
INFO: 2025/07/10 14:59:14 logger.go:42: Команда: Кнопка: Настройки, UserID: 970147668
INFO: 2025/07/10 14:59:15 logger.go:38: Кнопка: manage_categories, UserID: 970147668
INFO: 2025/07/10 14:59:18 logger.go:38: Кнопка: settings_back, UserID: 970147668
INFO: 2025/07/10 14:59:19 logger.go:42: Команда: Получено сообщение: ➕ Добавить операцию, UserID: 970147668
INFO: 2025/07/10 14:59:19 logger.go:42: Команда: Кнопка: Добавить операцию, UserID: 970147668
INFO: 2025/07/10 14:59:20 logger.go:38: Кнопка: type_income, UserID: 970147668
INFO: 2025/07/10 15:07:23 logger.go:42: Команда: Получено сообщение: 📊 Статистика, UserID: 970147668
INFO: 2025/07/10 15:07:23 logger.go:42: Команда: Кнопка: Статистика, UserID: 970147668
INFO: 2025/07/10 15:10:56 logger.go:42: Команда: Получен сигнал завершения. Остановка бота..., UserID: 0
INFO: 2025/07/11 08:18:13 logger.go:42: Команда: Бот успешно запущен. Ожидание команд..., UserID: 0
INFO: 2025/07/11 08:18:25 logger.go:42: Команда: Получен сигнал завершения. Остановка бота..., UserID: 0
ERROR 2025/07/12 18:34:41 logger.go:68: ERR system: TELEGRAM_TOKEN not set
INFO 2025/07/12 18:35:31 logger.go:42: CMD user_0: Бот успешно запущен. Ожидание команд...
INFO 2025/07/12 18:35:46 logger.go:38: CMD @LONEl1st: Получено сообщение: ⚙️ Настройки
INFO 2025/07/12 18:35:46 logger.go:38: CMD @LONEl1st: Кнопка: Настройки
INFO 2025/07/14 08:31:38 logger.go:42: CMD user_0: Бот успешно запущен. Ожидание команд...
INFO 2025/07/14 09:14:29 logger.go:42: CMD user_0: Получен сигнал завершения. Остановка бота...
INFO 2025/07/14 09:16:25 logger.go:42: CMD user_0: Бот успешно запущен. Ожидание команд...
INFO 2025/07/14 09:16:33 logger.go:38: CMD @LONEl1st: Получено сообщение: 📊 Статистика
INFO 2025/07/14 09:16:33 logger.go:38: CMD @LONEl1st: Кнопка: Статистика
INFO 2025/07/14 09:16:35 logger.go:49: BTN @LONEl1st: stats_day
INFO 2025/07/14 09:16:39 logger.go:49: BTN @LONEl1st: stats_back
INFO 2025/07/14 09:16:40 logger.go:49: BTN @LONEl1st: stats_week
INFO 2025/07/14 09:16:41 logger.go:49: BTN @LONEl1st: stats_back
INFO 2025/07/14 09:16:43 logger.go:49: BTN @LONEl1st: stats_month
INFO 2025/07/14 09:16:46 logger.go:49: BTN @LONEl1st: stats_back
INFO 2025/07/14 09:16:47 logger.go:49: BTN @LONEl1st: stats_year
INFO 2025/07/14 09:16:50 logger.go:49: BTN @LONEl1st: stats_back
INFO 2025/07/14 09:16:51 logger.go:49: BTN @LONEl1st: stats_day
INFO 2025/07/14 09:16:52 logger.go:38: CMD @LONEl1st: Получено сообщение: ➕ Добавить операцию
INFO 2025/07/14 09:16:52 logger.go:38: CMD @LONEl1st: Кнопка: Добавить операцию
INFO 2025/07/14 09:16:56 logger.go:49: BTN @LONEl1st: type_expense
INFO 2025/07/14 09:16:58 logger.go:49: BTN @LONEl1st: cat_24
INFO 2025/07/14 09:17:01 logger.go:38: CMD @LONEl1st: Получено сообщение: 1212
INFO 2025/07/14 09:17:01 logger.go:38: CMD @LONEl1st: Текст сообщения: 1212
INFO 2025/07/14 09:17:03 logger.go:49: BTN @LONEl1st: skip_comment
INFO 2025/07/14 09:17:05 logger.go:38: CMD @LONEl1st: Получено сообщение: 📊 Статистика
INFO 2025/07/14 09:17:05 logger.go:38: CMD @LONEl1st: Кнопка: Статистика
INFO 2025/07/14 09:17:06 logger.go:49: BTN @LONEl1st: stats_day
INFO 2025/07/14 09:17:10 logger.go:49: BTN @LONEl1st: stats_back
INFO 2025/07/14 09:17:42 logger.go:49: BTN @LONEl1st: stats_year
INFO 2025/07/14 10:20:48 logger.go:42: CMD user_0: Получен сигнал завершения. Остановка бота...
INFO 2025/07/14 10:20:52 logger.go:42: CMD user_0: Бот успешно запущен. Ожидание команд...
INFO 2025/07/14 10:21:05 logger.go:38: CMD @LONEl1st: Получено сообщение: /start
INFO 2025/07/14 10:21:06 logger.go:38: CMD @LONEl1st: Получено сообщение: ➕ Добавить операцию
INFO 2025/07/14 10:21:08 logger.go:38: CMD @LONEl1st: Получено сообщение: ⚙️ Настройки
INFO 2025/07/14 10:21:09 logger.go:38: CMD @LONEl1st: Получено сообщение: ⚙️ Настройки
INFO 2025/07/14 10:21:09 logger.go:38: CMD @LONEl1st: Получено сообщение: 💵 Накопления
INFO 2025/07/14 10:21:18 logger.go:42: CMD user_0: Получен сигнал завершения. Остановка бота...
INFO 2025/07/14 11:09:06 logger.go:42: CMD user_0: Бот успешно запущен. Ожидание команд...
INFO 2025/07/14 11:09:41 logger.go:38: CMD @LONEl1st: Получено сообщение: /start
INFO 2025/07/14 11:09:41 logger.go:38: CMD @LONEl1st: Команда /start
INFO 2025/07/14 11:09:43 logger.go:38: CMD @LONEl1st: Получено сообщение: ➕ Добавить операцию
INFO 2025/07/14 11:09:43 logger.go:38: CMD @LONEl1st: Кнопка: Добавить операцию
INFO 2025/07/14 11:09:44 logger.go:49: BTN @LONEl1st: show_history
INFO 2025/07/14 11:09:49 logger.go:38: CMD @LONEl1st: Получено сообщение: /edit_8
INFO 2025/07/14 11:10:05 logger.go:49: BTN @LONEl1st: cancel
INFO 2025/07/14 11:10:08 logger.go:38: CMD @LONEl1st: Получено сообщение: 💵 Накопления
INFO 2025/07/14 11:10:08 logger.go:38: CMD @LONEl1st: Кнопка: Накопления
INFO 2025/07/14 11:10:10 logger.go:38: CMD @LONEl1st: Получено сообщение: ⚙️ Настройки
INFO 2025/07/14 11:10:10 logger.go:38: CMD @LONEl1st: Кнопка: Настройки
INFO 2025/07/14 11:10:11 logger.go:38: CMD @LONEl1st: Получено сообщение: 📊 Статистика
INFO 2025/07/14 11:10:11 logger.go:38: CMD @LONEl1st: Кнопка: Статистика
INFO 2025/07/14 11:10:13 logger.go:49: BTN @LONEl1st: stats_year
INFO 2025/07/14 11:14:58 logger.go:42: CMD user_0: Получен сигнал завершения. Остановка бота...
INFO 2025/07/14 11:15:01 logger.go:42: CMD user_0: Бот успешно запущен. Ожидание команд...
INFO 2025/07/14 11:15:04 logger.go:38: CMD @LONEl1st: Получено сообщение: /start
INFO 2025/07/14 11:15:04 logger.go:38: CMD @LONEl1st: Команда /start
INFO 2025/07/14 11:15:05 logger.go:38: CMD @LONEl1st: Получено сообщение: ➕ Добавить операцию
INFO 2025/07/14 11:15:05 logger.go:38: CMD @LONEl1st: Кнопка: Добавить операцию
INFO 2025/07/14 11:15:06 logger.go:49: BTN @LONEl1st: show_history
INFO 2025/07/14 11:15:08 logger.go:38: CMD @LONEl1st: Получено сообщение: /edit_5
INFO 2025/07/14 11:15:10 logger.go:38: CMD @LONEl1st: Получено сообщение: ➕ Добавить операцию
INFO 2025/07/14 11:15:10 logger.go:38: CMD @LONEl1st: Кнопка: Добавить операцию
INFO 2025/07/14 11:15:11 logger.go:49: BTN @LONEl1st: show_history
INFO 2025/07/14 11:16:13 logger.go:42: CMD user_0: Получен сигнал завершения. Остановка бота...
INFO 2025/07/14 11:16:16 logger.go:42: CMD user_0: Бот успешно запущен. Ожидание команд...
INFO 2025/07/14 11:16:19 logger.go:38: CMD @LONEl1st: Получено сообщение: ➕ Добавить операцию
INFO 2025/07/14 11:16:19 logger.go:38: CMD @LONEl1st: Кнопка: Добавить операцию
INFO 2025/07/14 11:16:20 logger.go:49: BTN @LONEl1st: show_history
INFO 2025/07/14 11:19:31 logger.go:42: CMD user_0: Получен сигнал завершения. Остановка бота...
INFO 2025/07/14 11:32:14 logger.go:42: CMD user_0: Бот успешно запущен. Ожидание команд...
INFO 2025/07/14 11:32:26 logger.go:38: CMD @LONEl1st: Получено сообщение: /start
INFO 2025/07/14 11:32:26 logger.go:38: CMD @LONEl1st: Команда /start
INFO 2025/07/14 11:32:27 logger.go:38: CMD @LONEl1st: Получено сообщение: ➕ Добавить операцию
INFO 2025/07/14 11:32:27 logger.go:38: CMD @LONEl1st: Кнопка: Добавить операцию
INFO 2025/07/14 11:32:28 logger.go:49: BTN @LONEl1st: show_history
INFO 2025/07/14 11:32:30 logger.go:38: CMD @LONEl1st: Получено сообщение: /edit_5
INFO 2025/07/14 11:34:01 logger.go:42: CMD user_0: Получен сигнал завершения. Остановка бота...
INFO 2025/07/14 12:46:49 logger.go:42: CMD user_0: Бот успешно запущен. Ожидание команд...
INFO 2025/07/14 12:46:56 logger.go:38: CMD @LONEl1st: Получено сообщение: /start
INFO 2025/07/14 12:46:56 logger.go:38: CMD @LONEl1st: Команда /start
INFO 2025/07/14 12:46:57 logger.go:38: CMD @LONEl1st: Получено сообщение: ➕ Добавить операцию
INFO 2025/07/14 12:46:57 logger.go:38: CMD @LONEl1st: Кнопка: Добавить операцию
INFO 2025/07/14 12:46:58 logger.go:49: BTN @LONEl1st: show_history
INFO 2025/07/14 12:47:00 logger.go:49: BTN @LONEl1st: show_history
INFO 2025/07/14 12:47:01 logger.go:49: BTN @LONEl1st: show_history
INFO 2025/07/14 12:47:02 logger.go:49: BTN @LONEl1st: show_history
INFO 2025/07/14 12:47:02 logger.go:49: BTN @LONEl1st: show_history
INFO 2025/07/14 12:47:05 logger.go:49: BTN @LONEl1st: type_expense
INFO 2025/07/14 12:47:24 logger.go:38: CMD @LONEl1st: Получено сообщение: 📊 Статистика
INFO 2025/07/14 12:47:24 logger.go:38: CMD @LONEl1st: Кнопка: Статистика
INFO 2025/07/14 12:47:25 logger.go:49: BTN @LONEl1st: stats_month
INFO 2025/07/14 12:47:27 logger.go:49: BTN @LONEl1st: stats_back
INFO 2025/07/14 12:47:28 logger.go:38: CMD @LONEl1st: Получено сообщение: ➕ Добавить операцию
INFO 2025/07/14 12:47:28 logger.go:38: CMD @LONEl1st: Кнопка: Добавить операцию
INFO 2025/07/14 12:55:22 logger.go:42: CMD user_0: Получен сигнал завершения. Остановка бота...
INFO 2025/07/14 12:55:25 logger.go:42: CMD user_0: Бот успешно запущен. Ожидание команд...
INFO 2025/07/14 12:55:31 logger.go:38: CMD @LONEl1st: Получено сообщение: /start
INFO 2025/07/14 12:55:31 logger.go:38: CMD @LONEl1st: Команда /start
INFO 2025/07/14 12:55:33 logger.go:38: CMD @LONEl1st: Получено сообщение: 📊 Статистика
INFO 2025/07/14 12:55:33 logger.go:38: CMD @LONEl1st: Кнопка: Статистика
INFO 2025/07/14 12:55:34 logger.go:49: BTN @LONEl1st: stats_year
INFO 2025/07/14 12:55:41 logger.go:42: CMD user_0: Получен сигнал завершения. Остановка бота...
INFO 2025/07/16 08:55:25 logger.go:42: CMD user_0: Бот успешно запущен. Ожидание команд...
INFO 2025/07/16 08:55:38 logger.go:38: CMD @LONEl1st: Получено сообщение: ➕ Добавить операцию
INFO 2025/07/16 08:55:38 logger.go:38: CMD @LONEl1st: Кнопка: Добавить операцию
INFO 2025/07/16 08:55:39 logger.go:49: BTN @LONEl1st: show_history
INFO 2025/07/16 08:55:41 logger.go:49: BTN @LONEl1st: type_income
INFO 2025/07/16 08:55:43 logger.go:49: BTN @LONEl1st: other_cat
INFO 2025/07/16 08:55:47 logger.go:38: CMD @LONEl1st: Получено сообщение: 122
INFO 2025/07/16 08:55:47 logger.go:38: CMD @LONEl1st: Текст сообщения: 122
INFO 2025/07/16 08:55:49 logger.go:38: CMD @LONEl1st: Получено сообщение: ➕ Добавить операцию
INFO 2025/07/16 08:55:49 logger.go:38: CMD @LONEl1st: Кнопка: Добавить операцию
INFO 2025/07/16 08:55:51 logger.go:49: BTN @LONEl1st: type_income
INFO 2025/07/16 08:55:52 logger.go:49: BTN @LONEl1st: cancel
INFO 2025/07/16 08:55:55 logger.go:38: CMD @LONEl1st: Получено сообщение: ➕ Добавить операцию
INFO 2025/07/16 08:55:55 logger.go:38: CMD @LONEl1st: Кнопка: Добавить операцию
INFO 2025/07/16 08:55:56 logger.go:49: BTN @LONEl1st: type_expense
INFO 2025/07/16 08:55:58 logger.go:49: BTN @LONEl1st: cancel
INFO 2025/07/16 08:56:00 logger.go:38: CMD @LONEl1st: Получено сообщение: 📊 Статистика
INFO 2025/07/16 08:56:00 logger.go:38: CMD @LONEl1st: Кнопка: Статистика
INFO 2025/07/16 08:56:02 logger.go:49: BTN @LONEl1st: stats_day
INFO 2025/07/16 08:56:04 logger.go:49: BTN @LONEl1st: stats_week
INFO 2025/07/16 08:56:06 logger.go:49: BTN @LONEl1st: stats_month
INFO 2025/07/16 08:56:08 logger.go:49: BTN @LONEl1st: stats_year
INFO 2025/07/16 08:56:24 logger.go:42: CMD user_0: Получен сигнал завершения. Остановка бота...
INFO 2025/07/16 08:56:27 logger.go:42: CMD user_0: Бот успешно запущен. Ожидание команд...
INFO 2025/07/16 08:56:30 logger.go:38: CMD @LONEl1st: Получено сообщение: ➕ Добавить операцию
INFO 2025/07/16 08:56:30 logger.go:38: CMD @LONEl1st: Кнопка: Добавить операцию
INFO 2025/07/16 08:56:32 logger.go:49: BTN @LONEl1st: type_income
INFO 2025/07/16 08:56:34 logger.go:49: BTN @LONEl1st: cancel
INFO 2025/07/16 08:56:36 logger.go:38: CMD @LONEl1st: Получено сообщение: ➕ Добавить операцию
INFO 2025/07/16 08:56:36 logger.go:38: CMD @LONEl1st: Кнопка: Добавить операцию
INFO 2025/07/16 08:56:37 logger.go:49: BTN @LONEl1st: type_expense
INFO 2025/07/16 08:56:39 logger.go:49: BTN @LONEl1st: cancel
INFO 2025/07/16 08:56:41 logger.go:38: CMD @LONEl1st: Получено сообщение: 📊 Статистика
INFO 2025/07/16 08:56:41 logger.go:38: CMD @LONEl1st: Кнопка: Статистика
INFO 2025/07/16 08:56:43 logger.go:49: BTN @LONEl1st: stats_day
INFO 2025/07/16 08:56:44 logger.go:49: BTN @LONEl1st: stats_week
INFO 2025/07/16 08:56:47 logger.go:38: CMD @LONEl1st: Получено сообщение: 💵 Накопления
INFO 2025/07/16 08:56:47 logger.go:38: CMD @LONEl1st: Кнопка: Накопления
INFO 2025/07/16 08:56:49 logger.go:38: CMD @LONEl1st: Получено сообщение: ⚙️ Настройки
INFO 2025/07/16 08:56:49 logger.go:38: CMD @LONEl1st: Кнопка: Настройки
INFO 2025/07/16 08:56:52 logger.go:49: BTN @LONEl1st: manage_categories
INFO 2025/07/16 08:56:54 logger.go:49: BTN @LONEl1st: settings_back
INFO 2025/07/16 08:56:56 logger.go:49: BTN @LONEl1st: notification_settings
INFO 2025/07/16 08:56:58 logger.go:49: BTN @LONEl1st: disable_notifications
INFO 2025/07/16 08:57:06 logger.go:42: CMD user_0: Получен сигнал завершения. Остановка бота...
INFO 2025/07/16 09:43:17 logger.go:42: CMD user_0: Бот успешно запущен. Ожидание команд...
INFO 2025/07/16 09:43:19 logger.go:38: CMD @LONEl1st: Получено сообщение: 📊 Статистика
INFO 2025/07/16 09:43:19 logger.go:38: CMD @LONEl1st: Кнопка: Статистика
INFO 2025/07/16 09:43:20 logger.go:38: CMD @LONEl1st: Получено сообщение: ➕ Добавить операцию
INFO 2025/07/16 09:43:20 logger.go:38: CMD @LONEl1st: Кнопка: Добавить операцию
INFO 2025/07/16 09:43:22 logger.go:49: BTN @LONEl1st: show_history
INFO 2025/07/16 09:43:23 logger.go:38: CMD @LONEl1st: Получено сообщение: /edit_6
INFO 2025/07/16 09:43:23 logger.go:38: CMD @LONEl1st: Текст сообщения: /edit_6
INFO 2025/07/16 12:32:32 logger.go:42: CMD user_0: Бот успешно запущен. Ожидание команд...
INFO 2025/07/16 12:32:44 logger.go:38: CMD @LONEl1st: Получено сообщение: ➕ Добавить операцию
INFO 2025/07/16 12:32:44 logger.go:38: CMD @LONEl1st: Кнопка: Добавить операцию
INFO 2025/07/16 12:32:46 logger.go:49: BTN @LONEl1st: show_history
INFO 2025/07/16 12:33:03 logger.go:49: BTN @LONEl1st: stats_back
INFO 2025/07/16 12:33:05 logger.go:49: BTN @LONEl1st: stats_month
INFO 2025/07/16 12:33:07 logger.go:49: BTN @LONEl1st: stats_year
INFO 2025/07/16 12:33:09 logger.go:38: CMD @LONEl1st: Получено сообщение: 💵 Накопления
INFO 2025/07/16 12:33:09 logger.go:38: CMD @LONEl1st: Кнопка: Накопления
INFO 2025/07/16 12:33:10 logger.go:38: CMD @LONEl1st: Получено сообщение: ⚙️ Настройки
INFO 2025/07/16 12:33:10 logger.go:38: CMD @LONEl1st: Кнопка: Настройки
INFO 2025/07/16 12:36:11 logger.go:38: CMD @LONEl1st: Получено сообщение: 📊 Статистика
INFO 2025/07/16 12:36:11 logger.go:38: CMD @LONEl1st: Кнопка: Статистика
INFO 2025/07/16 12:36:22 logger.go:49: BTN @LONEl1st: stats_day
INFO 2025/07/16 12:36:23 logger.go:49: BTN @LONEl1st: stats_week
INFO 2025/07/16 12:36:27 logger.go:49: BTN @LONEl1st: stats_month
INFO 2025/07/16 12:36:30 logger.go:49: BTN @LONEl1st: stats_year
INFO 2025/07/16 12:36:32 logger.go:38: CMD @LONEl1st: Получено сообщение: 💵 Накопления
INFO 2025/07/16 12:36:32 logger.go:38: CMD @LONEl1st: Кнопка: Накопления
INFO 2025/07/16 12:36:35 logger.go:38: CMD @LONEl1st: Получено сообщение: ⚙️ Настройки
INFO 2025/07/16 12:36:35 logger.go:38: CMD @LONEl1st: Кнопка: Настройки
INFO 2025/07/16 12:36:36 logger.go:49: BTN @LONEl1st: manage_categories
INFO 2025/07/16 12:36:38 logger.go:49: BTN @LONEl1st: edit_cat_26
INFO 2025/07/16 12:36:40 logger.go:49: BTN @LONEl1st: manage_categories
INFO 2025/07/16 12:45:57 logger.go:38: CMD @LONEl1st: Получено сообщение: 💵 Накопления
INFO 2025/07/16 12:45:57 logger.go:38: CMD @LONEl1st: Кнопка: Накопления
INFO 2025/07/16 12:46:02 logger.go:49: BTN @LONEl1st: main_menu
INFO 2025/07/16 12:50:33 logger.go:42: CMD user_0: Получен сигнал завершения. Остановка бота...
INFO 2025/07/16 12:57:26 logger.go:42: CMD user_0: Бот успешно запущен. Ожидание команд...
INFO 2025/07/16 12:57:28 logger.go:38: CMD @LONEl1st: Получено сообщение: 📊 Статистика
INFO 2025/07/16 12:57:28 logger.go:38: CMD @LONEl1st: Кнопка: Статистика
INFO 2025/07/16 12:57:29 logger.go:38: CMD @LONEl1st: Получено сообщение: ➕ Добавить операцию
INFO 2025/07/16 12:57:29 logger.go:38: CMD @LONEl1st: Кнопка: Добавить операцию
INFO 2025/07/16 12:57:30 logger.go:49: BTN @LONEl1st: show_history
INFO 2025/07/16 12:57:46 logger.go:42: CMD user_0: Получен сигнал завершения. Остановка бота...
INFO 2025/07/21 13:19:40 logger.go:42: CMD user_0: Бот успешно запущен. Ожидание команд...
INFO 2025/07/21 13:19:44 logger.go:38: CMD @LONEl1st: Получено сообщение: 📊 Статистика
INFO 2025/07/21 13:19:44 logger.go:38: CMD @LONEl1st: Кнопка: Статистика
INFO 2025/07/21 13:19:46 logger.go:38: CMD @LONEl1st: Получено сообщение: 💵 Накопления
INFO 2025/07/21 13:19:46 logger.go:38: CMD @LONEl1st: Кнопка: Накопления
INFO 2025/07/21 13:19:48 logger.go:49: BTN @LONEl1st: manage_savings
INFO 2025/07/21 13:19:50 logger.go:49: BTN @LONEl1st: edit_saving_7
INFO 2025/07/21 13:19:56 logger.go:49: BTN @LONEl1st: clear_saving_7
INFO 2025/07/21 13:19:58 logger.go:49: BTN @LONEl1st: manage_savings
INFO 2025/07/21 13:20:00 logger.go:49: BTN @LONEl1st: edit_saving_6
INFO 2025/07/21 13:20:03 logger.go:49: BTN @LONEl1st: clear_saving_6
INFO 2025/07/21 13:20:07 logger.go:38: CMD @LONEl1st: Получено сообщение: 💵 Накопления
INFO 2025/07/21 13:20:07 logger.go:38: CMD @LONEl1st: Кнопка: Накопления
INFO 2025/07/21 13:21:15 logger.go:49: BTN @LONEl1st: manage_savings
INFO 2025/07/21 13:21:18 logger.go:49: BTN @LONEl1st: edit_saving_7
INFO 2025/07/21 13:21:19 logger.go:49: BTN @LONEl1st: delete_saving_7
INFO 2025/07/21 13:21:21 logger.go:49: BTN @LONEl1st: manage_savings
INFO 2025/07/21 13:21:22 logger.go:49: BTN @LONEl1st: show_savings
INFO 2025/07/21 13:23:07 logger.go:42: CMD user_0: Получен сигнал завершения. Остановка бота...
INFO 2025/07/22 12:12:24 logger.go:42: CMD user_0: Бот успешно запущен. Ожидание команд...
INFO 2025/07/22 12:13:39 logger.go:38: CMD @LONEl1st: Получено сообщение: 📊 Статистика
INFO 2025/07/22 12:13:39 logger.go:38: CMD @LONEl1st: Кнопка: Статистика
INFO 2025/07/22 12:13:41 logger.go:49: BTN @LONEl1st: main_menu
INFO 2025/07/22 12:13:44 logger.go:42: CMD user_0: Получен сигнал завершения. Остановка бота...
INFO 2025/07/22 12:14:32 logger.go:42: CMD user_0: Бот успешно запущен. Ожидание команд...
INFO 2025/07/22 12:14:42 logger.go:38: CMD @LONEl1st: Получено сообщение: /start
INFO 2025/07/22 12:14:42 logger.go:38: CMD @LONEl1st: Команда /start
INFO 2025/07/22 12:15:05 logger.go:42: CMD user_0: Получен сигнал завершения. Остановка бота...
INFO 2025/07/22 12:16:46 logger.go:42: CMD user_0: Бот успешно запущен. Ожидание команд...
INFO 2025/07/22 12:16:57 logger.go:42: CMD user_0: Получен сигнал завершения. Остановка бота...
INFO 2025/07/22 12:44:53 logger.go:42: CMD user_0: Бот успешно запущен. Ожидание команд...
INFO 2025/07/22 12:45:15 logger.go:42: CMD user_0: Получен сигнал завершения. Остановка бота...
INFO 2025/07/22 12:45:18 logger.go:42: CMD user_0: Бот успешно запущен. Ожидание команд...
INFO 2025/07/22 12:45:56 logger.go:42: CMD user_0: Получен сигнал завершения. Остановка бота...
INFO 2025/07/22 12:49:39 logger.go:42: CMD user_0: Запуск проверки уведомлений об обновлениях
INFO 2025/07/22 12:49:39 logger.go:42: CMD user_0: Бот успешно запущен. Ожидание команд...
INFO 2025/07/22 12:49:51 logger.go:38: CMD @LONEl1st: Получено сообщение: ⚙️ Настройки
INFO 2025/07/22 12:49:51 logger.go:38: CMD @LONEl1st: Кнопка: Настройки
INFO 2025/07/22 12:49:53 logger.go:49: BTN @LONEl1st: notification_settings
INFO 2025/07/22 12:49:55 logger.go:49: BTN @LONEl1st: enable_notifications
INFO 2025/07/22 12:49:56 logger.go:49: BTN @LONEl1st: settings_back
INFO 2025/07/22 12:49:58 logger.go:38: CMD @LONEl1st: Получено сообщение: ➕ Добавить операцию
INFO 2025/07/22 12:49:58 logger.go:38: CMD @LONEl1st: Кнопка: Добавить операцию
INFO 2025/07/22 12:49:59 logger.go:49: BTN @LONEl1st: show_history
INFO 2025/07/22 12:50:01 logger.go:38: CMD @LONEl1st: Получено сообщение: 📊 Статистика
INFO 2025/07/22 12:50:01 logger.go:38: CMD @LONEl1st: Кнопка: Статистика
INFO 2025/07/22 12:50:03 logger.go:49: BTN @LONEl1st: stats_month
INFO 2025/07/22 12:53:07 logger.go:42: CMD user_0: Получен сигнал завершения. Остановка бота...
INFO 2025/07/22 12:53:17 logger.go:42: CMD user_0: Проверка обновлений при запуске
INFO 2025/07/22 12:53:17 logger.go:42: CMD user_0: Отправка уведомлений об обновлениях
INFO 2025/07/22 12:53:17 logger.go:42: CMD user_0: Бот успешно запущен. Ожидание команд...
INFO 2025/07/22 12:58:10 logger.go:42: CMD user_0: Получен сигнал завершения. Остановка бота...
INFO 2025/07/22 12:58:13 logger.go:42: CMD user_0: Бот успешно запущен. Ожидание команд...
INFO 2025/07/22 12:59:47 logger.go:42: CMD user_0: Получен сигнал завершения. Остановка бота...
INFO 2025/07/22 12:59:50 logger.go:42: CMD user_0: Бот успешно запущен. Ожидание команд...
INFO 2025/07/22 12:59:58 logger.go:42: CMD user_0: Получен сигнал завершения. Остановка бота...
INFO 2025/07/22 13:40:39 logger.go:42: CMD user_0: Бот успешно запущен. Ожидание команд...
INFO 2025/07/22 13:40:50 logger.go:42: CMD user_0: Получен сигнал завершения. Остановка бота...
INFO 2025/07/22 13:41:14 logger.go:42: CMD user_0: Бот успешно запущен. Ожидание команд...
INFO 2025/07/22 13:41:14 logger.go:38: CMD @LONEl1st: Получено сообщение: /start
INFO 2025/07/22 13:41:14 logger.go:38: CMD @LONEl1st: Команда /start
INFO 2025/07/22 13:41:28 logger.go:42: CMD user_0: Получен сигнал завершения. Остановка бота...
INFO 2025/07/22 13:41:30 logger.go:42: CMD user_0: Бот успешно запущен. Ожидание команд...
INFO 2025/07/22 13:42:19 logger.go:42: CMD user_0: Получен сигнал завершения. Остановка бота...
INFO 2025/07/22 13:42:45 logger.go:42: CMD user_0: Бот успешно запущен. Ожидание команд...
INFO 2025/07/22 13:42:51 logger.go:38: CMD @LONEl1st: Получено сообщение: /start
INFO 2025/07/22 13:42:51 logger.go:38: CMD @LONEl1st: Команда /start
INFO 2025/07/22 13:42:53 logger.go:49: BTN @LONEl1st: start_transaction
INFO 2025/07/22 13:42:56 logger.go:49: BTN @LONEl1st: type_income
INFO 2025/07/22 13:42:57 logger.go:49: BTN @LONEl1st: cat_4
INFO 2025/07/22 13:43:01 logger.go:38: CMD @LONEl1st: Получено сообщение: 123
INFO 2025/07/22 13:43:01 logger.go:38: CMD @LONEl1st: Текст сообщения: 123
INFO 2025/07/22 13:43:02 logger.go:49: BTN @LONEl1st: skip_comment
INFO 2025/07/22 13:43:08 logger.go:42: CMD user_0: Получен сигнал завершения. Остановка бота...
INFO 2025/07/22 13:43:14 logger.go:42: CMD user_0: Бот успешно запущен. Ожидание команд...
INFO 2025/07/22 13:46:19 logger.go:42: CMD user_0: Получен сигнал завершения. Остановка бота...
INFO 2025/07/22 13:47:10 logger.go:42: CMD user_0: Бот успешно запущен. Ожидание команд...
INFO 2025/07/22 13:47:16 logger.go:42: CMD user_0: Получен сигнал завершения. Остановка бота...
INFO 2025/07/22 13:47:19 logger.go:42: CMD user_0: Бот успешно запущен. Ожидание команд...
INFO 2025/07/22 13:47:50 logger.go:42: CMD user_0: Получен сигнал завершения. Остановка бота...
INFO 2025/07/22 13:47:53 logger.go:42: CMD user_0: Бот успешно запущен. Ожидание команд...
INFO 2025/07/22 13:48:06 logger.go:42: CMD user_0: Получен сигнал завершения. Остановка бота...
INFO 2025/07/22 13:48:29 logger.go:42: CMD user_0: Бот успешно запущен. Ожидание команд...
INFO 2025/07/22 13:48:44 logger.go:42: CMD user_0: Получен сигнал завершения. Остановка бота...
INFO 2025/07/22 13:48:45 logger.go:42: CMD user_0: Бот успешно запущен. Ожидание команд...
INFO 2025/07/22 13:48:50 logger.go:38: CMD @LONEl1st: Получено сообщение: ⚙️ Настройки
INFO 2025/07/22 13:48:50 logger.go:38: CMD @LONEl1st: Кнопка: Настройки
INFO 2025/07/22 13:49:15 logger.go:42: CMD user_0: Получен сигнал завершения. Остановка бота...
INFO 2025/07/22 13:49:18 logger.go:42: CMD user_0: Бот успешно запущен. Ожидание команд...
INFO 2025/07/22 13:49:33 logger.go:42: CMD user_0: Получен сигнал завершения. Остановка бота...
ERROR 2025/07/22 14:07:59 logger.go:68: ERR system: TELEGRAM_TOKEN not set
INFO 2025/07/22 14:09:48 logger.go:42: CMD user_0: Бот успешно запущен. Ожидание команд...
INFO 2025/07/22 14:09:56 logger.go:38: CMD @LONEl1st: Получено сообщение: /start
INFO 2025/07/22 14:09:56 logger.go:38: CMD @LONEl1st: Команда /start
INFO 2025/07/22 14:09:59 logger.go:49: BTN @LONEl1st: start_transaction
INFO 2025/07/22 14:10:01 logger.go:49: BTN @LONEl1st: type_expense
INFO 2025/07/22 14:10:03 logger.go:49: BTN @LONEl1st: cancel
INFO 2025/07/22 14:10:04 logger.go:38: CMD @LONEl1st: Получено сообщение: ⚙️ Настройки
INFO 2025/07/22 14:10:04 logger.go:38: CMD @LONEl1st: Кнопка: Настройки
INFO 2025/07/22 14:10:06 logger.go:49: BTN @LONEl1st: support
INFO 2025/07/22 14:10:38 logger.go:42: CMD user_0: Получен сигнал завершения. Остановка бота...
INFO 2025/07/22 14:13:33 logger.go:42: CMD user_0: Бот успешно запущен. Ожидание команд...
INFO 2025/07/22 14:14:04 logger.go:42: CMD user_0: Получен сигнал завершения. Остановка бота...
INFO 2025/07/22 14:14:55 logger.go:42: CMD user_0: Бот успешно запущен. Ожидание команд...
INFO 2025/07/22 14:15:02 logger.go:42: CMD user_0: Получен сигнал завершения. Остановка бота...
INFO 2025/07/22 14:15:04 logger.go:42: CMD user_0: Бот успешно запущен. Ожидание команд...
INFO 2025/07/22 14:15:18 logger.go:42: CMD user_0: Получен сигнал завершения. Остановка бота...
INFO 2025/07/22 14:15:30 logger.go:42: CMD user_0: Бот успешно запущен. Ожидание команд...
INFO 2025/07/22 14:15:39 logger.go:42: CMD user_0: Получен сигнал завершения. Остановка бота...
INFO 2025/07/22 14:15:41 logger.go:42: CMD user_0: Бот успешно запущен. Ожидание команд...
INFO 2025/07/22 14:15:47 logger.go:38: CMD @LONEl1st: Получено сообщение: ⚙️ Настройки
INFO 2025/07/22 14:15:47 logger.go:38: CMD @LONEl1st: Кнопка: Настройки
INFO 2025/07/22 14:15:50 logger.go:49: BTN @LONEl1st: support
INFO 2025/07/22 14:16:04 logger.go:42: CMD user_0: Получен сигнал завершения. Остановка бота...
INFO 2025/07/22 14:16:07 logger.go:42: CMD user_0: Бот успешно запущен. Ожидание команд...
INFO 2025/07/22 14:16:26 logger.go:42: CMD user_0: Получен сигнал завершения. Остановка бота...
INFO 2025/07/22 19:18:26 logger.go:42: CMD user_0: Бот успешно запущен. Ожидание команд...
INFO 2025/07/22 19:18:58 logger.go:38: CMD @LONEl1st: Получено сообщение: /start
INFO 2025/07/22 19:18:58 logger.go:38: CMD @LONEl1st: Команда /start
INFO 2025/07/22 19:19:00 logger.go:49: BTN @LONEl1st: start_transaction
INFO 2025/07/22 19:19:02 logger.go:49: BTN @LONEl1st: cancel
INFO 2025/07/22 19:19:06 logger.go:49: BTN @LONEl1st: type_income
INFO 2025/07/22 19:19:07 logger.go:49: BTN @LONEl1st: cat_4
INFO 2025/07/22 19:19:10 logger.go:38: CMD @LONEl1st: Получено сообщение: 300000
INFO 2025/07/22 19:19:10 logger.go:38: CMD @LONEl1st: Текст сообщения: 300000
INFO 2025/07/22 19:19:12 logger.go:49: BTN @LONEl1st: skip_comment
INFO 2025/07/22 19:19:14 logger.go:38: CMD @LONEl1st: Получено сообщение: ➕ Добавить операцию
INFO 2025/07/22 19:19:14 logger.go:38: CMD @LONEl1st: Кнопка: Добавить операцию
INFO 2025/07/22 19:19:16 logger.go:49: BTN @LONEl1st: type_expense
INFO 2025/07/22 19:19:17 logger.go:49: BTN @LONEl1st: cat_2
INFO 2025/07/22 19:19:22 logger.go:38: CMD @LONEl1st: Получено сообщение: 739
INFO 2025/07/22 19:19:22 logger.go:38: CMD @LONEl1st: Текст сообщения: 739
INFO 2025/07/22 19:19:24 logger.go:49: BTN @LONEl1st: skip_comment
INFO 2025/07/22 19:19:25 logger.go:38: CMD @LONEl1st: Получено сообщение: ➕ Добавить операцию
INFO 2025/07/22 19:19:25 logger.go:38: CMD @LONEl1st: Кнопка: Добавить операцию
INFO 2025/07/22 19:19:27 logger.go:49: BTN @LONEl1st: type_expense
INFO 2025/07/22 19:19:28 logger.go:49: BTN @LONEl1st: cat_5
INFO 2025/07/22 19:19:30 logger.go:38: CMD @LONEl1st: Получено сообщение: 74894o4
INFO 2025/07/22 19:19:30 logger.go:38: CMD @LONEl1st: Текст сообщения: 74894o4
INFO 2025/07/22 19:19:33 logger.go:38: CMD @LONEl1st: Получено сообщение: 65565
INFO 2025/07/22 19:19:33 logger.go:38: CMD @LONEl1st: Текст сообщения: 65565
INFO 2025/07/22 19:19:35 logger.go:49: BTN @LONEl1st: skip_comment
INFO 2025/07/22 19:19:36 logger.go:38: CMD @LONEl1st: Получено сообщение: ➕ Добавить операцию
INFO 2025/07/22 19:19:36 logger.go:38: CMD @LONEl1st: Кнопка: Добавить операцию
INFO 2025/07/22 19:19:37 logger.go:49: BTN @LONEl1st: type_expense
INFO 2025/07/22 19:19:38 logger.go:49: BTN @LONEl1st: cat_1
INFO 2025/07/22 19:19:44 logger.go:38: CMD @LONEl1st: Получено сообщение: 57300
INFO 2025/07/22 19:19:44 logger.go:38: CMD @LONEl1st: Текст сообщения: 57300
INFO 2025/07/22 19:19:45 logger.go:49: BTN @LONEl1st: skip_comment
INFO 2025/07/22 19:19:47 logger.go:38: CMD @LONEl1st: Получено сообщение: 📊 Статистика
INFO 2025/07/22 19:19:47 logger.go:38: CMD @LONEl1st: Кнопка: Статистика
INFO 2025/07/22 19:19:49 logger.go:49: BTN @LONEl1st: stats_day
INFO 2025/07/22 19:19:56 logger.go:49: BTN @LONEl1st: stats_back
INFO 2025/07/22 19:19:57 logger.go:49: BTN @LONEl1st: stats_week
INFO 2025/07/22 19:20:25 logger.go:42: CMD user_0: Получен сигнал завершения. Остановка бота...
INFO 2025/07/22 19:35:31 logger.go:42: CMD user_0: Бот успешно запущен. Ожидание команд...
INFO 2025/07/22 19:35:31 logger.go:38: CMD @LONEl1st: Получено сообщение: 📊 Статистика
INFO 2025/07/22 19:35:31 logger.go:38: CMD @LONEl1st: Кнопка: Статистика
INFO 2025/07/22 19:35:31 logger.go:38: CMD @LONEl1st: Получено сообщение: 💵 Накопления
INFO 2025/07/22 19:35:31 logger.go:38: CMD @LONEl1st: Кнопка: Накопления
INFO 2025/07/22 19:35:34 logger.go:49: BTN @LONEl1st: manage_savings
INFO 2025/07/22 19:35:36 logger.go:49: BTN @LONEl1st: create_saving
INFO 2025/07/22 19:35:39 logger.go:38: CMD @LONEl1st: Получено сообщение: Hdh
INFO 2025/07/22 19:35:39 logger.go:38: CMD @LONEl1st: Текст сообщения: Hdh
INFO 2025/07/22 19:35:40 logger.go:49: BTN @LONEl1st: skip_saving_goal
INFO 2025/07/22 19:35:41 logger.go:49: BTN @LONEl1st: manage_savings
INFO 2025/07/22 19:35:43 logger.go:49: BTN @LONEl1st: edit_saving_1
INFO 2025/07/22 19:46:31 logger.go:42: CMD user_0: Получен сигнал завершения. Остановка бота...
INFO 2025/07/23 10:56:22 logger.go:42: CMD user_0: Бот успешно запущен. Ожидание команд...
INFO 2025/07/23 10:56:45 logger.go:38: CMD @LONEl1st: Получено сообщение: /start
INFO 2025/07/23 10:56:45 logger.go:38: CMD @LONEl1st: Команда /start
INFO 2025/07/23 10:57:11 logger.go:49: BTN @LONEl1st: start_transaction
INFO 2025/07/23 10:57:12 logger.go:49: BTN @LONEl1st: type_income
INFO 2025/07/23 10:57:13 logger.go:49: BTN @LONEl1st: cat_4
INFO 2025/07/23 10:57:15 logger.go:49: BTN @LONEl1st: cancel
INFO 2025/07/23 10:57:17 logger.go:49: BTN @LONEl1st: other_cat
INFO 2025/07/23 10:57:19 logger.go:38: CMD @LONEl1st: Получено сообщение: qweqweqw
INFO 2025/07/23 10:57:19 logger.go:38: CMD @LONEl1st: Текст сообщения: qweqweqw
INFO 2025/07/23 10:57:44 logger.go:42: CMD user_0: Получен сигнал завершения. Остановка бота...
INFO 2025/07/23 10:57:54 logger.go:42: CMD user_0: Бот успешно запущен. Ожидание команд...
INFO 2025/07/23 10:59:01 logger.go:42: CMD user_0: Получен сигнал завершения. Остановка бота...
INFO 2025/07/23 10:59:08 logger.go:42: CMD user_0: Бот успешно запущен. Ожидание команд...
INFO 2025/07/23 10:59:48 logger.go:42: CMD user_0: Получен сигнал завершения. Остановка бота...
INFO 2025/07/23 11:01:18 logger.go:42: CMD user_0: Бот успешно запущен. Ожидание команд...
INFO 2025/07/23 11:32:30 logger.go:42: CMD user_0: Получен сигнал завершения. Остановка бота...
ERROR 2025/07/23 11:32:34 logger.go:68: ERR system: PANIC: runtime error: invalid memory address or nil pointer dereference
INFO 2025/07/23 11:39:25 logger.go:42: CMD user_0: Бот успешно запущен. Ожидание команд...
INFO 2025/07/23 11:39:41 logger.go:38: CMD @LONEl1st: Получено сообщение: ➕ Добавить операцию
INFO 2025/07/23 11:39:41 logger.go:38: CMD @LONEl1st: Кнопка: Добавить операцию
INFO 2025/07/23 11:39:42 logger.go:38: CMD @LONEl1st: Получено сообщение: 📊 Статистика
INFO 2025/07/23 11:39:42 logger.go:38: CMD @LONEl1st: Кнопка: Статистика
INFO 2025/07/23 11:39:44 logger.go:38: CMD @LONEl1st: Получено сообщение: 💵 Накопления
INFO 2025/07/23 11:39:44 logger.go:38: CMD @LONEl1st: Кнопка: Накопления
INFO 2025/07/23 11:39:44 logger.go:38: CMD @LONEl1st: Получено сообщение: ⚙️ Настройки
INFO 2025/07/23 11:39:44 logger.go:38: CMD @LONEl1st: Кнопка: Настройки
INFO 2025/07/23 11:42:49 logger.go:42: CMD user_0: Получен сигнал завершения. Остановка бота...
INFO 2025/07/23 11:42:53 logger.go:42: CMD user_0: Бот успешно запущен. Ожидание команд...
INFO 2025/07/23 11:45:35 logger.go:42: CMD user_0: Получен сигнал завершения. Остановка бота...
INFO 2025/07/23 12:29:38 logger.go:60: CMD user_0: Бот успешно запущен. Ожидание команд...
INFO 2025/07/23 12:32:02 logger.go:60: CMD user_0: Получен сигнал завершения. Остановка бота...
INFO 2025/07/23 12:32:05 logger.go:42: CMD user_0: Бот успешно запущен. Ожидание команд...
INFO 2025/07/23 12:33:21 logger.go:42: CMD user_0: Получен сигнал завершения. Остановка бота...
INFO 2025/07/23 12:33:24 logger.go:42: CMD user_0: Бот успешно запущен. Ожидание команд...
INFO 2025/07/23 14:03:56 logger.go:42: CMD user_0: Получен сигнал завершения. Остановка бота...
INFO 2025/07/23 14:04:00 logger.go:42: CMD user_0: Бот успешно запущен. Ожидание команд...
INFO 2025/07/23 14:04:20 logger.go:38: CMD @LONEl1st: Получено сообщение: ➕ Добавить операцию
INFO 2025/07/23 14:04:20 logger.go:38: CMD @LONEl1st: Кнопка: Добавить операцию
INFO 2025/07/23 14:04:21 logger.go:38: CMD @LONEl1st: Получено сообщение: 📊 Статистика
INFO 2025/07/23 14:04:21 logger.go:38: CMD @LONEl1st: Кнопка: Статистика
INFO 2025/07/23 14:04:22 logger.go:38: CMD @LONEl1st: Получено сообщение: 💵 Накопления
INFO 2025/07/23 14:04:22 logger.go:38: CMD @LONEl1st: Кнопка: Накопления
INFO 2025/07/23 14:04:23 logger.go:38: CMD @LONEl1st: Получено сообщение: ⚙️ Настройки
INFO 2025/07/23 14:04:23 logger.go:38: CMD @LONEl1st: Кнопка: Настройки
INFO 2025/07/23 14:04:47 logger.go:49: BTN @LONEl1st: confirm_clear_data
INFO 2025/07/23 14:04:48 logger.go:49: BTN @LONEl1st: clear_data
INFO 2025/07/23 14:04:55 logger.go:42: CMD user_0: Получен сигнал завершения. Остановка бота...
INFO 2025/07/23 14:04:58 logger.go:42: CMD user_0: Бот успешно запущен. Ожидание команд...
INFO 2025/07/23 14:06:12 logger.go:42: CMD user_0: Получен сигнал завершения. Остановка бота...
INFO 2025/07/23 14:24:34 logger.go:42: CMD user_0: Бот успешно запущен. Ожидание команд...
INFO 2025/07/23 14:24:49 logger.go:49: BTN @LONEl1st: clear_data
INFO 2025/07/23 14:24:50 logger.go:38: CMD @LONEl1st: Получено сообщение: ➕ Добавить операцию
INFO 2025/07/23 14:24:50 logger.go:38: CMD @LONEl1st: Кнопка: Добавить операцию
INFO 2025/07/23 14:24:52 logger.go:49: BTN @LONEl1st: type_income
INFO 2025/07/23 14:24:53 logger.go:49: BTN @LONEl1st: cat_9
INFO 2025/07/23 14:24:56 logger.go:38: CMD @LONEl1st: Получено сообщение: 7898
INFO 2025/07/23 14:24:56 logger.go:38: CMD @LONEl1st: Текст сообщения: 7898
INFO 2025/07/23 14:24:58 logger.go:49: BTN @LONEl1st: skip_comment
INFO 2025/07/23 14:25:00 logger.go:38: CMD @LONEl1st: Получено сообщение: 📊 Статистика
INFO 2025/07/23 14:25:00 logger.go:38: CMD @LONEl1st: Кнопка: Статистика
INFO 2025/07/23 14:25:02 logger.go:49: BTN @LONEl1st: stats_day
INFO 2025/07/23 14:25:04 logger.go:49: BTN @LONEl1st: stats_back
INFO 2025/07/23 14:25:05 logger.go:38: CMD @LONEl1st: Получено сообщение: ➕ Добавить операцию
INFO 2025/07/23 14:25:05 logger.go:38: CMD @LONEl1st: Кнопка: Добавить операцию
INFO 2025/07/23 14:25:07 logger.go:49: BTN @LONEl1st: type_expense
INFO 2025/07/23 14:25:08 logger.go:49: BTN @LONEl1st: cat_10
INFO 2025/07/23 14:25:10 logger.go:38: CMD @LONEl1st: Получено сообщение: 123
INFO 2025/07/23 14:25:10 logger.go:38: CMD @LONEl1st: Текст сообщения: 123
INFO 2025/07/23 14:25:12 logger.go:49: BTN @LONEl1st: skip_comment
INFO 2025/07/23 14:25:15 logger.go:38: CMD @LONEl1st: Получено сообщение: ➕ Добавить операцию
INFO 2025/07/23 14:25:15 logger.go:38: CMD @LONEl1st: Кнопка: Добавить операцию
INFO 2025/07/23 14:25:18 logger.go:49: BTN @LONEl1st: type_expense
INFO 2025/07/23 14:25:19 logger.go:49: BTN @LONEl1st: cat_8
INFO 2025/07/23 14:25:22 logger.go:38: CMD @LONEl1st: Получено сообщение: 4454
INFO 2025/07/23 14:25:22 logger.go:38: CMD @LONEl1st: Текст сообщения: 4454
INFO 2025/07/23 14:25:24 logger.go:49: BTN @LONEl1st: skip_comment
INFO 2025/07/23 14:25:26 logger.go:38: CMD @LONEl1st: Получено сообщение: 📊 Статистика
INFO 2025/07/23 14:25:26 logger.go:38: CMD @LONEl1st: Кнопка: Статистика
INFO 2025/07/23 14:25:28 logger.go:49: BTN @LONEl1st: stats_day
INFO 2025/07/23 14:25:52 logger.go:42: CMD user_0: Получен сигнал завершения. Остановка бота...
INFO 2025/07/23 14:25:55 logger.go:42: CMD user_0: Бот успешно запущен. Ожидание команд...
INFO 2025/07/23 14:28:07 logger.go:42: CMD user_0: Получен сигнал завершения. Остановка бота...
INFO 2025/07/23 14:30:51 logger.go:42: CMD user_0: Бот успешно запущен. Ожидание команд...
INFO 2025/07/23 14:30:59 logger.go:42: CMD user_0: Получен сигнал завершения. Остановка бота...
INFO 2025/07/23 14:31:06 logger.go:42: CMD user_0: Бот успешно запущен. Ожидание команд...
INFO 2025/07/23 14:31:19 logger.go:38: CMD @LONEl1st: Получено сообщение: ⚙️ Настройки
INFO 2025/07/23 14:31:19 logger.go:38: CMD @LONEl1st: Кнопка: Настройки
INFO 2025/07/23 14:31:20 logger.go:49: BTN @LONEl1st: notification_settings
INFO 2025/07/23 14:31:21 logger.go:49: BTN @LONEl1st: disable_notifications
INFO 2025/07/23 14:31:23 logger.go:49: BTN @LONEl1st: settings_back
INFO 2025/07/23 14:31:24 logger.go:49: BTN @LONEl1st: confirm_clear_data
INFO 2025/07/23 14:31:25 logger.go:49: BTN @LONEl1st: clear_data
INFO 2025/07/23 14:31:57 logger.go:42: CMD user_0: Получен сигнал завершения. Остановка бота...
INFO 2025/07/23 14:40:24 logger.go:42: CMD user_0: Бот успешно запущен. Ожидание команд...
INFO 2025/07/23 14:40:31 logger.go:42: CMD user_0: Получен сигнал завершения. Остановка бота...
INFO 2025/07/23 14:40:34 logger.go:42: CMD user_0: Бот успешно запущен. Ожидание команд...
INFO 2025/07/23 14:41:08 logger.go:49: BTN @LONEl1st: clear_data
INFO 2025/07/23 14:41:10 logger.go:38: CMD @LONEl1st: Получено сообщение: 📊 Статистика
INFO 2025/07/23 14:41:10 logger.go:38: CMD @LONEl1st: Кнопка: Статистика
INFO 2025/07/23 14:41:11 logger.go:38: CMD @LONEl1st: Получено сообщение: 💵 Накопления
INFO 2025/07/23 14:41:11 logger.go:38: CMD @LONEl1st: Кнопка: Накопления
INFO 2025/07/23 14:41:43 logger.go:42: CMD user_0: Получен сигнал завершения. Остановка бота...
INFO 2025/07/23 14:47:39 logger.go:42: CMD user_0: Бот успешно запущен. Ожидание команд...
INFO 2025/07/23 14:48:04 logger.go:42: CMD user_0: Получен сигнал завершения. Остановка бота...
INFO 2025/07/23 14:49:15 logger.go:42: CMD user_0: Бот успешно запущен. Ожидание команд...
INFO 2025/07/23 14:49:28 logger.go:42: CMD user_0: Получен сигнал завершения. Остановка бота...
INFO 2025/07/23 14:50:02 logger.go:42: CMD user_0: Бот успешно запущен. Ожидание команд...
INFO 2025/07/23 14:50:15 logger.go:42: CMD user_0: Получен сигнал завершения. Остановка бота...
INFO 2025/07/23 14:50:28 logger.go:42: CMD user_0: Бот успешно запущен. Ожидание команд...
INFO 2025/07/23 14:50:37 logger.go:42: CMD user_0: Получен сигнал завершения. Остановка бота...
INFO 2025/07/23 14:50:39 logger.go:42: CMD user_0: Бот успешно запущен. Ожидание команд...
INFO 2025/07/23 14:51:08 logger.go:42: CMD user_0: Получен сигнал завершения. Остановка бота...
INFO 2025/07/23 14:51:11 logger.go:42: CMD user_0: Бот успешно запущен. Ожидание команд...
INFO 2025/07/23 14:51:14 logger.go:38: CMD @LONEl1st: Получено сообщение: /start
INFO 2025/07/23 14:51:15 logger.go:38: CMD @LONEl1st: Команда /start
INFO 2025/07/23 14:51:21 logger.go:42: CMD user_0: Получен сигнал завершения. Остановка бота...
INFO 2025/07/23 14:51:24 logger.go:42: CMD user_0: Бот успешно запущен. Ожидание команд...
INFO 2025/07/23 14:51:30 logger.go:42: CMD user_0: Получен сигнал завершения. Остановка бота...
INFO 2025/07/24 09:35:12 logger.go:42: CMD user_0: Бот успешно запущен. Ожидание команд...
INFO 2025/07/24 09:42:34 logger.go:38: CMD @LONEl1st: Получено сообщение: /start
INFO 2025/07/24 09:42:34 logger.go:38: CMD @LONEl1st: Команда /start
INFO 2025/07/24 09:42:37 logger.go:49: BTN @LONEl1st: start_transaction
INFO 2025/07/24 09:42:38 logger.go:49: BTN @LONEl1st: cancel
INFO 2025/07/24 09:42:40 logger.go:38: CMD @LONEl1st: Получено сообщение: 📊 Статистика
INFO 2025/07/24 09:42:40 logger.go:38: CMD @LONEl1st: Кнопка: Статистика
INFO 2025/07/24 09:42:42 logger.go:49: BTN @LONEl1st: stats_month
INFO 2025/07/24 09:43:38 logger.go:42: CMD user_0: Получен сигнал завершения. Остановка бота...
INFO 2025/07/24 09:48:55 logger.go:42: CMD user_0: Бот успешно запущен. Ожидание команд...
INFO 2025/07/24 09:49:03 logger.go:38: CMD @LONEl1st: Получено сообщение: ⚙️ Настройки
INFO 2025/07/24 09:49:03 logger.go:38: CMD @LONEl1st: Кнопка: Настройки
INFO 2025/07/24 09:49:04 logger.go:49: BTN @LONEl1st: manage_categories
INFO 2025/07/24 09:50:10 logger.go:42: CMD user_0: Получен сигнал завершения. Остановка бота...
INFO 2025/07/24 09:51:42 logger.go:42: CMD user_0: Бот успешно запущен. Ожидание команд...
INFO 2025/07/24 09:51:48 logger.go:38: CMD @LONEl1st: Получено сообщение: 💵 Накопления
INFO 2025/07/24 09:51:48 logger.go:38: CMD @LONEl1st: Кнопка: Накопления
INFO 2025/07/24 09:51:52 logger.go:38: CMD @LONEl1st: Получено сообщение: ⚙️ Настройки
INFO 2025/07/24 09:51:52 logger.go:38: CMD @LONEl1st: Кнопка: Настройки
INFO 2025/07/24 09:51:54 logger.go:49: BTN @LONEl1st: manage_categories
INFO 2025/07/24 09:51:55 logger.go:49: BTN @LONEl1st: settings_back
INFO 2025/07/24 09:51:56 logger.go:38: CMD @LONEl1st: Получено сообщение: ➕ Добавить операцию
INFO 2025/07/24 09:51:56 logger.go:38: CMD @LONEl1st: Кнопка: Добавить операцию
INFO 2025/07/24 09:51:58 logger.go:49: BTN @LONEl1st: show_history
INFO 2025/07/24 09:52:00 logger.go:49: BTN @LONEl1st: stats_back
INFO 2025/07/24 09:52:01 logger.go:38: CMD @LONEl1st: Получено сообщение: 📊 Статистика
INFO 2025/07/24 09:52:01 logger.go:38: CMD @LONEl1st: Кнопка: Статистика
INFO 2025/07/24 09:52:02 logger.go:49: BTN @LONEl1st: stats_month
INFO 2025/07/24 09:52:43 logger.go:38: CMD @LONEl1st: Получено сообщение: ➕ Добавить операцию
INFO 2025/07/24 09:52:43 logger.go:38: CMD @LONEl1st: Кнопка: Добавить операцию
INFO 2025/07/24 09:52:45 logger.go:49: BTN @LONEl1st: type_income
INFO 2025/07/24 09:52:46 logger.go:49: BTN @LONEl1st: cancel
INFO 2025/07/24 09:52:48 logger.go:38: CMD @LONEl1st: Получено сообщение: 📊 Статистика
INFO 2025/07/24 09:52:48 logger.go:38: CMD @LONEl1st: Кнопка: Статистика
INFO 2025/07/24 09:52:49 logger.go:38: CMD @LONEl1st: Получено сообщение: ➕ Добавить операцию
INFO 2025/07/24 09:52:49 logger.go:38: CMD @LONEl1st: Кнопка: Добавить операцию
INFO 2025/07/24 09:52:50 logger.go:49: BTN @LONEl1st: type_expense
INFO 2025/07/24 09:53:28 logger.go:42: CMD user_0: Получен сигнал завершения. Остановка бота...
INFO 2025/07/24 10:05:36 logger.go:42: CMD user_0: Бот успешно запущен. Ожидание команд...
INFO 2025/07/24 10:05:38 logger.go:38: CMD @LONEl1st: Получено сообщение: 📊 Статистика
INFO 2025/07/24 10:05:38 logger.go:38: CMD @LONEl1st: Кнопка: Статистика
INFO 2025/07/24 10:05:40 logger.go:49: BTN @LONEl1st: stats_month
INFO 2025/07/24 10:05:42 logger.go:49: BTN @LONEl1st: stats_back
INFO 2025/07/24 10:05:50 logger.go:42: CMD user_0: Получен сигнал завершения. Остановка бота...
