INFO  2025/09/08 12:55:39 🚀 Логгер инициализирован для даты 2025-09-08
INFO  2025/09/08 12:55:39 🎉 ===== БОТ ЗАПУЩЕН ===== 🎉
INFO  2025/09/08 12:55:51 ⚙️  SYS: 📊 Статистика при запуске - Дата: 08.09.2025 12:55
INFO  2025/09/08 12:55:51 ⚙️  SYS: 👥 Всего пользователей: 39
INFO  2025/09/08 12:55:51 ⚙️  SYS: 🎯 Активных за 24ч: 1
INFO  2025/09/08 12:55:51 ⚙️  SYS: ========================================
INFO  2025/09/08 12:55:51 💬 CMD user_0: Бот успешно запущен. Ожидание команд...
INFO  2025/09/08 12:55:51 💬 CMD @LONEl1st: Получено сообщение: /start
INFO  2025/09/08 12:55:51 💬 CMD @LONEl1st: Команда /start
INFO  2025/09/08 12:55:53 🔘 BTN user_970147668: start_transaction
INFO  2025/09/08 12:55:54 🔘 BTN user_970147668: cancel
INFO  2025/09/08 12:55:56 🔘 BTN user_970147668: show_settings
INFO  2025/09/08 12:55:58 🔘 BTN user_970147668: period_settings
INFO  2025/09/08 12:55:59 🔘 BTN user_970147668: period_settings
INFO  2025/09/08 12:56:03 🔘 BTN user_970147668: period_settings
INFO  2025/09/08 13:16:53 🚀 Логгер инициализирован для даты 2025-09-08
INFO  2025/09/08 13:16:53 🎉 ===== БОТ ЗАПУЩЕН ===== 🎉
INFO  2025/09/08 13:16:54 ⚙️  SYS: 📊 Статистика при запуске - Дата: 08.09.2025 13:16
INFO  2025/09/08 13:16:54 ⚙️  SYS: 👥 Всего пользователей: 39
INFO  2025/09/08 13:16:54 ⚙️  SYS: 🎯 Активных за 24ч: 1
INFO  2025/09/08 13:16:54 ⚙️  SYS: ========================================
INFO  2025/09/08 13:16:54 💬 CMD user_0: Бот успешно запущен. Ожидание команд...
INFO  2025/09/08 13:17:11 🔘 BTN user_970147668: main_menu
INFO  2025/09/08 13:17:12 🔘 BTN user_970147668: show_settings
INFO  2025/09/08 13:17:14 🔘 BTN user_970147668: set_period_start
INFO  2025/09/08 13:17:19 💬 CMD @LONEl1st: Получено сообщение: 10
INFO  2025/09/08 13:17:19 💬 CMD @LONEl1st: Текст сообщения: 10
INFO  2025/09/08 13:17:19 💬 CMD user_970147668: Установлен день периода: 10
INFO  2025/09/08 13:17:22 🔘 BTN user_970147668: main_menu
INFO  2025/09/08 13:17:25 💬 CMD user_0: Получен сигнал завершения. Остановка бота...
INFO  2025/09/08 13:17:25 🛑 ===== БОТ ОСТАНОВЛЕН ===== 🛑
