STATS 2025/07/24 10:05:36 === Статистика бота при старте ===
STATS 2025/07/24 10:05:36 Дата и время: 24.07.2025 10:05
STATS 2025/07/24 10:05:36 Новых пользователей за сегодня: 0
STATS 2025/07/24 10:05:36 Общее количество пользователей: 19
STATS 2025/07/24 10:05:36 Активных пользователей (за 24 часа): 1 (0.00% от прошлого месяца)
STATS 2025/07/24 10:05:36 Неактивных пользователей: 18
STATS 2025/07/24 10:05:36 Общее количество кликов за сегодня: 24
STATS 2025/07/24 10:05:36 Клик по notification_settings за сегодня: 1 (100.00% от прошлого месяца)
STATS 2025/07/24 10:05:36 Клик по show_history за сегодня: 1 (100.00% от прошлого месяца)
STATS 2025/07/24 10:05:36 Клик по type_expense за сегодня: 2 (100.00% от прошлого месяца)
STATS 2025/07/24 10:05:36 Клик по settings_back за сегодня: 2 (100.00% от прошлого месяца)
STATS 2025/07/24 10:05:36 Клик по delete_saving_7 за сегодня: 1 (100.00% от прошлого месяца)
STATS 2025/07/24 10:05:36 Клик по edit_saving_7 за сегодня: 1 (100.00% от прошлого месяца)
STATS 2025/07/24 10:05:36 Клик по manage_categories за сегодня: 4 (100.00% от прошлого месяца)
STATS 2025/07/24 10:05:36 Клик по support за сегодня: 1 (100.00% от прошлого месяца)
STATS 2025/07/24 10:05:36 Клик по type_income за сегодня: 1 (100.00% от прошлого месяца)
STATS 2025/07/24 10:05:36 Клик по cancel за сегодня: 2 (100.00% от прошлого месяца)
STATS 2025/07/24 10:05:36 Клик по manage_savings за сегодня: 3 (100.00% от прошлого месяца)
STATS 2025/07/24 10:05:36 Клик по stats_back за сегодня: 1 (100.00% от прошлого месяца)
STATS 2025/07/24 10:05:36 Клик по clear_saving_6 за сегодня: 1 (100.00% от прошлого месяца)
STATS 2025/07/24 10:05:36 Клик по edit_saving_6 за сегодня: 1 (100.00% от прошлого месяца)
STATS 2025/07/24 10:05:36 Клик по stats_month за сегодня: 2 (100.00% от прошлого месяца)
STATS 2025/07/24 10:05:36 Общее количество кликов за все время: 24
STATS 2025/07/24 10:05:36 Клик по notification_settings за все время: 1 (100.00% от прошлого месяца)
STATS 2025/07/24 10:05:36 Клик по stats_back за все время: 1 (100.00% от прошлого месяца)
STATS 2025/07/24 10:05:36 Клик по manage_categories за все время: 4 (100.00% от прошлого месяца)
STATS 2025/07/24 10:05:36 Клик по show_history за все время: 1 (100.00% от прошлого месяца)
STATS 2025/07/24 10:05:36 Клик по type_expense за все время: 2 (100.00% от прошлого месяца)
STATS 2025/07/24 10:05:36 Клик по type_income за все время: 1 (100.00% от прошлого месяца)
STATS 2025/07/24 10:05:36 Клик по delete_saving_7 за все время: 1 (100.00% от прошлого месяца)
STATS 2025/07/24 10:05:36 Клик по edit_saving_6 за все время: 1 (100.00% от прошлого месяца)
STATS 2025/07/24 10:05:36 Клик по edit_saving_7 за все время: 1 (100.00% от прошлого месяца)
STATS 2025/07/24 10:05:36 Клик по support за все время: 1 (100.00% от прошлого месяца)
STATS 2025/07/24 10:05:36 Клик по cancel за все время: 2 (100.00% от прошлого месяца)
STATS 2025/07/24 10:05:36 Клик по manage_savings за все время: 3 (100.00% от прошлого месяца)
STATS 2025/07/24 10:05:36 Клик по stats_month за все время: 2 (100.00% от прошлого месяца)
STATS 2025/07/24 10:05:36 Клик по clear_saving_6 за все время: 1 (100.00% от прошлого месяца)
STATS 2025/07/24 10:05:36 Клик по settings_back за все время: 2 (100.00% от прошлого месяца)
